<?xml version="1.0" encoding="UTF-8"?>
<!-- Generated by org.testng.reporters.JUnitXMLReporter -->
<testsuite ignored="0" hostname="Acer" failures="0" tests="4" name="Test" time="10.298" errors="0" timestamp="2026-03-31T16:11:19 IST">
  <testcase classname="api.testcases.UserTest" name="testCreateUser" time="4.743"/>
  <testcase classname="api.testcases.UserTest" name="testGetUser" time="1.208"/>
  <testcase classname="api.testcases.UserTest" name="testUpdateUser" time="1.232"/>
  <testcase classname="api.testcases.UserTest" name="testDeleteUser" time="1.146"/>
</testsuite> <!-- Test -->
