<?xml version="1.0" encoding="UTF-8"?>
<!-- Generated by org.testng.reporters.JUnitXMLReporter -->
<testsuite ignored="0" hostname="Acer" failures="0" tests="4" name="Test" time="11.149" errors="0" timestamp="2026-03-31T18:05:12 IST">
  <testcase classname="api.testcases.UserTest" name="testCreateUser" time="5.406"/>
  <testcase classname="api.testcases.UserTest" name="testGetUser" time="1.197"/>
  <testcase classname="api.testcases.UserTest" name="testUpdateUser" time="1.254"/>
  <testcase classname="api.testcases.UserTest" name="testDeleteUser" time="1.124"/>
</testsuite> <!-- Test -->
