<?xml version="1.0" encoding="UTF-8"?>
<testsuite xmlns:xsi="http://www.w3.org/2001/XMLSchema-instance" xsi:noNamespaceSchemaLocation="https://maven.apache.org/surefire/maven-surefire-plugin/xsd/surefire-test-report-3.0.xsd" version="3.0" name="TestSuite" time="13.005" tests="4" errors="0" skipped="0" failures="0">
  <properties>
[...]
</properties>
  <testcase name="testCreateUser" classname="api.testcases.UserTest" time="5.431">
    <system-out><![CDATA[On Start method invoked...
Name of test method started: testCreateUser
===========Create user===============
HTTP/1.1 200 OK
Date: Tue, 31 Mar 2026 12:35:06 GMT
Content-Type: application/json
Transfer-Encoding: chunked
Connection: keep-alive
Access-Control-Allow-Origin: *
Access-Control-Allow-Methods: GET, POST, DELETE, PUT
Access-Control-Allow-Headers: Content-Type, api_key, Authorization
Server: Jetty(9.2.9.v20150224)

{
    "code": 200,
    "type": "unknown",
    "message": "1044705957"
}
===========Create user===============
[INFO ] 2026-03-31 18:05:07.824 [main] RestAssuredAutomationFramework - Create User Executed
Name of test method successfully executed: testCreateUser
]]></system-out>
    <system-err><![CDATA[SLF4J: Failed to load class "org.slf4j.impl.StaticLoggerBinder".
SLF4J: Defaulting to no-operation (NOP) logger implementation
SLF4J: See http://www.slf4j.org/codes.html#StaticLoggerBinder for further details.
]]></system-err>
  </testcase>
  <testcase name="testGetUser" classname="api.testcases.UserTest" time="1.216">
    <system-out><![CDATA[Name of test method started: testGetUser
===========Read user===============
HTTP/1.1 200 OK
Date: Tue, 31 Mar 2026 12:35:08 GMT
Content-Type: application/json
Transfer-Encoding: chunked
Connection: keep-alive
Access-Control-Allow-Origin: *
Access-Control-Allow-Methods: GET, POST, DELETE, PUT
Access-Control-Allow-Headers: Content-Type, api_key, Authorization
Server: Jetty(9.2.9.v20150224)

{
    "id": 1044705957,
    "username": "antonetta.witting",
    "email": "hilary.beatty@yahoo.com",
    "password": "moydj27gxkrwk",
    "phone": "651.063.2501",
    "userStatus": 0
}
===========Read user===============
[INFO ] 2026-03-31 18:05:09.065 [main] RestAssuredAutomationFramework - Get User Executed
Name of test method successfully executed: testGetUser
]]></system-out>
  </testcase>
  <testcase name="testUpdateUser" classname="api.testcases.UserTest" time="1.26">
    <system-out><![CDATA[Name of test method started: testUpdateUser
===========Update user===============
Email: ====== hilary.beatty@yahoo.com
Email: ====== cleveland.buckridge@hotmail.com
HTTP/1.1 200 OK
Date: Tue, 31 Mar 2026 12:35:09 GMT
Content-Type: application/json
Transfer-Encoding: chunked
Connection: keep-alive
Access-Control-Allow-Origin: *
Access-Control-Allow-Methods: GET, POST, DELETE, PUT
Access-Control-Allow-Headers: Content-Type, api_key, Authorization
Server: Jetty(9.2.9.v20150224)

{
    "code": 200,
    "type": "unknown",
    "message": "1044705957"
}
===========Update user===============
[INFO ] 2026-03-31 18:05:10.326 [main] RestAssuredAutomationFramework - Update User Executed
Name of test method successfully executed: testUpdateUser
]]></system-out>
  </testcase>
  <testcase name="testDeleteUser" classname="api.testcases.UserTest" time="1.126">
    <system-out><![CDATA[Name of test method started: testDeleteUser
===========Delete user===============
HTTP/1.1 200 OK
Date: Tue, 31 Mar 2026 12:35:10 GMT
Content-Type: application/json
Transfer-Encoding: chunked
Connection: keep-alive
Access-Control-Allow-Origin: *
Access-Control-Allow-Methods: GET, POST, DELETE, PUT
Access-Control-Allow-Headers: Content-Type, api_key, Authorization
Server: Jetty(9.2.9.v20150224)

{
    "code": 200,
    "type": "unknown",
    "message": "antonetta.witting"
}
===========Delete user===============
[INFO ] 2026-03-31 18:05:11.454 [main] RestAssuredAutomationFramework - Delete User Executed
Name of test method successfully executed: testDeleteUser
]]></system-out>
  </testcase>
</testsuite>