<?xml version="1.0" encoding="UTF-8"?>
<testng-results ignored="0" total="4" passed="4" failed="0" skipped="0">
  <reporter-output>
  </reporter-output>
  <suite started-at="2026-03-31T18:08:53 IST" name="Default suite" finished-at="2026-03-31T18:09:05 IST" duration-ms="11903">
    <groups>
    </groups>
    <test started-at="2026-03-31T18:08:53 IST" name="Default test" finished-at="2026-03-31T18:09:05 IST" duration-ms="11903">
      <class name="api.testcases.UserTest2">
        <test-method is-config="true" signature="generateTestData()[pri:0, instance:api.testcases.UserTest2@618b19ad]" started-at="2026-03-31T18:08:53 IST" name="generateTestData" finished-at="2026-03-31T18:08:54 IST" duration-ms="1416" status="PASS">
          <reporter-output>
          </reporter-output>
        </test-method> <!-- generateTestData -->
        <test-method signature="testCreateUser()[pri:1, instance:api.testcases.UserTest2@618b19ad]" started-at="2026-03-31T18:08:54 IST" name="testCreateUser" finished-at="2026-03-31T18:09:01 IST" duration-ms="6628" status="PASS">
          <reporter-output>
          </reporter-output>
        </test-method> <!-- testCreateUser -->
        <test-method signature="testGetUser()[pri:2, instance:api.testcases.UserTest2@618b19ad]" started-at="2026-03-31T18:09:01 IST" name="testGetUser" finished-at="2026-03-31T18:09:02 IST" duration-ms="1318" status="PASS">
          <reporter-output>
          </reporter-output>
        </test-method> <!-- testGetUser -->
        <test-method signature="testUpdateUser()[pri:3, instance:api.testcases.UserTest2@618b19ad]" started-at="2026-03-31T18:09:02 IST" name="testUpdateUser" finished-at="2026-03-31T18:09:04 IST" duration-ms="1232" status="PASS">
          <reporter-output>
          </reporter-output>
        </test-method> <!-- testUpdateUser -->
        <test-method signature="testDeleteUser()[pri:4, instance:api.testcases.UserTest2@618b19ad]" started-at="2026-03-31T18:09:04 IST" name="testDeleteUser" finished-at="2026-03-31T18:09:05 IST" duration-ms="1192" status="PASS">
          <reporter-output>
          </reporter-output>
        </test-method> <!-- testDeleteUser -->
      </class> <!-- api.testcases.UserTest2 -->
    </test> <!-- Default test -->
  </suite> <!-- Default suite -->
</testng-results>
