<?xml version="1.0" encoding="UTF-8"?>
<!-- Generated by org.testng.reporters.JUnitReportReporter -->
<testsuite hostname="Acer" failures="0" tests="4" name="api.testcases.UserTest2" time="10.370" errors="0" timestamp="2026-03-31T18:09:05 IST" skipped="0">
  <testcase classname="api.testcases.UserTest2" name="testCreateUser" time="6.628"/>
  <testcase classname="api.testcases.UserTest2" name="testGetUser" time="1.318"/>
  <testcase classname="api.testcases.UserTest2" name="testUpdateUser" time="1.232"/>
  <testcase classname="api.testcases.UserTest2" name="testDeleteUser" time="1.192"/>
</testsuite> <!-- api.testcases.UserTest2 -->
