<?xml version="1.0" encoding="UTF-8"?>
<!-- Generated by org.testng.reporters.JUnitReportReporter -->
<testsuite hostname="Acer" failures="0" tests="6" name="api.testcases.UserTestDD" time="7.034" errors="0" timestamp="2026-03-31T11:13:01 IST" skipped="0">
  <testcase classname="api.testcases.UserTestDD" name="testCreateUser" time="1.316"/>
  <testcase classname="api.testcases.UserTestDD" name="testCreateUser" time="1.147"/>
  <testcase classname="api.testcases.UserTestDD" name="testCreateUser" time="1.133"/>
  <testcase classname="api.testcases.UserTestDD" name="testDeleteUser" time="1.213"/>
  <testcase classname="api.testcases.UserTestDD" name="testDeleteUser" time="1.071"/>
  <testcase classname="api.testcases.UserTestDD" name="testDeleteUser" time="1.154"/>
</testsuite> <!-- api.testcases.UserTestDD -->
