<?xml version="1.0" encoding="UTF-8"?>
<!-- Generated by org.testng.reporters.JUnitReportReporter -->
<testsuite hostname="Acer" failures="0" tests="4" name="api.testcases.UserTest" time="8.695" errors="0" timestamp="2026-03-31T16:12:29 IST" skipped="0">
  <testcase classname="api.testcases.UserTest" name="testCreateUser" time="5.129"/>
  <testcase classname="api.testcases.UserTest" name="testGetUser" time="1.238"/>
  <testcase classname="api.testcases.UserTest" name="testUpdateUser" time="1.198"/>
  <testcase classname="api.testcases.UserTest" name="testDeleteUser" time="1.130"/>
</testsuite> <!-- api.testcases.UserTest -->
